<testConfig>
    <deployConfig>deploy-imagestore-flat-iscsi-lun.xml</deployConfig>
    <deployConfigTemplate>deploy-imagestore-flat-iscsi.tmpt</deployConfigTemplate>
    <pingTestTarget>zstack.yyk.net</pingTestTarget>
</testConfig>
