<testConfig>
    <deployConfig>deploy-imagestore-2iscsi-thick.xml</deployConfig>
    <deployConfigTemplate>deploy-imagestore-flat-iscsi.tmpt</deployConfigTemplate>
    <pingTestTarget>zstack.org</pingTestTarget>
</testConfig>
