<testConfig>
    <deployConfig>deploy-ceph-vdbench-ps.xml</deployConfig>
    <deployConfigTemplate>deploy-xsky-vdbench-ps.tmpt</deployConfigTemplate>
    <pingTestTarget>zstack.org</pingTestTarget>
</testConfig>
