<testConfig>
    <deployConfig>deploy-imagestore-vyos-flat-dhcp-nfs-q35.xml</deployConfig>
    <deployConfigTemplate>deploy-imagestore-vyos-flat-dhcp-nfs.tmpt</deployConfigTemplate>
    <pingTestTarget>zstack.org</pingTestTarget>
</testConfig>
