<testConfig>
    <deployConfig>deploy-vm-check.xml</deployConfig>
    <deployConfigTemplate>deploy-vm-check.tmpt</deployConfigTemplate>
    <pingTestTarget>zstack.org</pingTestTarget>
</testConfig>
