<testConfig>
    <deployConfig>deploy-sftp-local-10000hosts.xml</deployConfig>
    <deployConfigTemplate>deploy-sftp-local-10000hosts.tmpt</deployConfigTemplate>
    <pingTestTarget>zstack.org</pingTestTarget>
</testConfig>
