<testConfig>
    <deployConfig>deploy-5clusters-all-bs-ps-100hosts.xml</deployConfig>
    <deployConfigTemplate>deploy-5clusters-all-bs-ps-100hosts.tmpt</deployConfigTemplate>
    <pingTestTarget>zstack.org</pingTestTarget>
</testConfig>
