<testConfig>
    <deployConfig>deploy-imagestore-flat-local.xml</deployConfig>
    <deployConfigTemplate>deploy-imagestore-flat-local.tmpt</deployConfigTemplate>
    <!-- suite special test variables -->
    <pingTestTarget>zstack.org</pingTestTarget>
</testConfig>
