<testConfig>
    <deployConfig>deploy-vyos-flat-dhcp-ceph.xml</deployConfig>
    <deployConfigTemplate>deploy-ceph-ps.tmpt</deployConfigTemplate>
    <pingTestTarget>zstack.org</pingTestTarget>
</testConfig>
