<testConfig>
    <deployConfig>deploy-2sftp-nfs-4host.xml</deployConfig>
    <deployConfigTemplate>deploy-2sftp-nfs-4host.tmpt</deployConfigTemplate>
    <pingTestTarget>zstack.org</pingTestTarget>
</testConfig>
