<testConfig>
    <deployConfig>deploy-vyos-vxlan.xml</deployConfig>
    <deployConfigTemplate>deploy-vyos-vxlan.tmpt</deployConfigTemplate>
    <pingTestTarget>zstack.org</pingTestTarget>
</testConfig>
