<testConfig>
    <deployConfig>deploy-4clusters-all-bs-ps-80hosts.xml</deployConfig>
    <deployConfigTemplate>deploy-4clusters-all-bs-ps-80hosts.tmpt</deployConfigTemplate>
    <pingTestTarget>zstack.org</pingTestTarget>
</testConfig>
