<testConfig>
    <deployConfig>deploy-vpc-dns.xml</deployConfig>
    <deployConfigTemplate>deploy-vpc-dns.tmpt</deployConfigTemplate>
    <pingTestTarget>zstack.org</pingTestTarget>
</testConfig>
