<testConfig>
    <deployConfig>deploy-sftp-flat-smp.xml</deployConfig>
    <deployConfigTemplate>deploy-sftp-flat-smp.tmpt</deployConfigTemplate>
    <!-- suite special test variables -->
    <pingTestTarget>zstack.org</pingTestTarget>
</testConfig>
