<testConfig>
    <deployConfig>deploy-multi-nic.xml</deployConfig>
    <deployConfigTemplate>deploy-multi-nic.tmpt</deployConfigTemplate>
    <pingTestTarget>zstack.org</pingTestTarget>
</testConfig>
