<testConfig>
    <deployConfig>deploy-mnha2.xml</deployConfig>
    <deployConfigTemplate>deploy.tmpt</deployConfigTemplate>
    <pingTestTarget>zstack.org</pingTestTarget>
</testConfig>
