<testConfig>
    <deployConfig>deploy-multichassis.xml</deployConfig>
    <deployConfigTemplate>deploy-multichassis.tmpt</deployConfigTemplate>
    <pingTestTarget>zstack.yyk.net</pingTestTarget>
</testConfig>
