<testConfig>
    <deployConfig>deploy-vyos-flat-vr-pub-manage-sep.xml</deployConfig>
    <deployConfigTemplate>../deploy.tmpt</deployConfigTemplate>
    <pingTestTarget>zstack.org</pingTestTarget>
</testConfig>
