<testConfig>
    <deployConfig>deploy-imagestore-ceph.xml</deployConfig>
    <deployConfigTemplate>deploy-imagestore-ceph.tmpt</deployConfigTemplate>
    <pingTestTarget>zstack.org</pingTestTarget>
</testConfig>
