<testConfig>
    <deployConfig>deploy-iscsi-fs.xml</deployConfig>
    <deployConfigTemplate>deploy-iscsi-fs.tmpt</deployConfigTemplate>
    <pingTestTarget>zstack.org</pingTestTarget>
</testConfig>
