<testConfig>
    <deployConfig>deploy-ceph-ps-2cluster.xml</deployConfig>
    <deployConfigTemplate>deploy-ceph-ps-2cluster.tmpt</deployConfigTemplate>
    <pingTestTarget>zstack.org</pingTestTarget>
</testConfig>
