<testConfig>
    <deployConfig>deploy-2xsky-vdbench-ps.xml</deployConfig>
    <deployConfigTemplate>deploy-2xsky-ps.tmpt</deployConfigTemplate>
    <pingTestTarget>zstack.org</pingTestTarget>
</testConfig>
