<testConfig>
    <deployConfig>deploy-vcenter-sync.xml</deployConfig>
    <deployConfigTemplate>deploy.tmpt</deployConfigTemplate>
    <!-- suite special test variables -->
    <pingTestTarget>zstack.org</pingTestTarget>
</testConfig>
