<testConfig>
    <deployConfig>deploy-ipv6-flat-imagestore_local-eip.xml</deployConfig>
    <deployConfigTemplate>deploy-ipv6-flat-imagestore_local.tmpt</deployConfigTemplate>
    <pingTestTarget>zstack.org</pingTestTarget>
</testConfig>
