<testConfig>
    <deployConfig>deploy-ipv6-flat-cidr-slaac.xml</deployConfig>
    <deployConfigTemplate>../deploy.tmpt</deployConfigTemplate>
    <pingTestTarget>zstack.org</pingTestTarget>
</testConfig>
