<testConfig>
    <deployConfig>deploy-ipv6-flat-imagestore_local.xml</deployConfig>
    <deployConfigTemplate>deploy-ipv6-flat-imagestore_local.tmpt</deployConfigTemplate>
    <pingTestTarget>zstack.yyk.net</pingTestTarget>
</testConfig>
