<testConfig>
    <deployConfig>deploy-1-mini-cluster.xml</deployConfig>
    <deployConfigTemplate>deploy-1-mini-cluster-simulator.tmpt</deployConfigTemplate>
    <pingTestTarget>zstack.org</pingTestTarget>
</testConfig>
