<testConfig>
    <deployConfig>deploy-local-nas.xml</deployConfig>
    <deployConfigTemplate>deploy-local-nas.tmpt</deployConfigTemplate>
    <pingTestTarget>zstack.org</pingTestTarget>
</testConfig>
