<testConfig>
    <deployConfig>deploy-3-mini-cluster-not-add.xml</deployConfig>
    <deployConfigTemplate>deploy-1-mini-cluster.tmpt</deployConfigTemplate>
    <pingTestTarget>zstack.org</pingTestTarget>
</testConfig>
