<testConfig>
    <deployConfig>deploy-1-mini-bootstrap-cluster.xml</deployConfig>
    <deployConfigTemplate>deploy-1-mini-bootstrap-cluster.tmpt</deployConfigTemplate>
    <pingTestTarget>zstack.org</pingTestTarget>
</testConfig>
