<testConfig>
    <deployConfig>deploy-vyos-data-protect-xsky.xml</deployConfig>
    <deployConfigTemplate>deploy-vyos-data-protect-xsky.tmpt</deployConfigTemplate>
    <pingTestTarget>zstack.org</pingTestTarget>
</testConfig>
