<testConfig>
    <deployConfig>deploy-vyos.xml</deployConfig>
    <deployConfigTemplate>deploy-vyos.tmpt</deployConfigTemplate>
    <pingTestTarget>zstack.org</pingTestTarget>
</testConfig>
